2024-04-28 16:21:11,474:WARNING:F:\projeto_kobe_2\venv\lib\site-packages\sklearn\utils\multiclass.py:357: RuntimeWarning: invalid value encountered in cast
  if xp.any(data != data.astype(int)):

2024-04-28 16:47:05,022:WARNING:F:\projeto_kobe_2\venv\lib\site-packages\mlflow\store\artifact\utils\models.py:32: FutureWarning: ``mlflow.tracking.client.MlflowClient.get_latest_versions`` is deprecated since 2.9.0. Model registry stages will be removed in a future major release. To learn more about the deprecation of model registry stages, see our migration guide here: https://mlflow.org/docs/2.11.3/model-registry.html#migrating-from-stages
  latest = client.get_latest_versions(name, None if stage is None else [stage])

2024-04-28 16:47:05,206:WARNING:F:\projeto_kobe_2\venv\lib\site-packages\mlflow\store\artifact\utils\models.py:32: FutureWarning: ``mlflow.tracking.client.MlflowClient.get_latest_versions`` is deprecated since 2.9.0. Model registry stages will be removed in a future major release. To learn more about the deprecation of model registry stages, see our migration guide here: https://mlflow.org/docs/2.11.3/model-registry.html#migrating-from-stages
  latest = client.get_latest_versions(name, None if stage is None else [stage])

2024-04-28 16:47:05,240:WARNING:F:\projeto_kobe_2\venv\lib\site-packages\sklearn\utils\multiclass.py:357: RuntimeWarning: invalid value encountered in cast
  if xp.any(data != data.astype(int)):

2024-04-28 16:51:46,165:INFO:Log Loss: 5.255213515378235, F1 Score: 0.0
2024-04-28 16:51:46,165:INFO:Log Loss: 5.255213515378235, F1 Score: 0.0
2024-04-28 16:51:46,165:INFO:
2024-04-28 16:51:46,173:INFO:Run ID: 84570ce12f1c419e993ede29ae7a780c
2024-04-28 16:51:46,180:INFO:Run ID: 412efd54c8cd400bb07dcab5cbc5ee93
2024-04-28 16:51:48,658:WARNING:F:\projeto_kobe_2\venv\lib\site-packages\mlflow\store\artifact\utils\models.py:32: FutureWarning: ``mlflow.tracking.client.MlflowClient.get_latest_versions`` is deprecated since 2.9.0. Model registry stages will be removed in a future major release. To learn more about the deprecation of model registry stages, see our migration guide here: https://mlflow.org/docs/2.11.3/model-registry.html#migrating-from-stages
  latest = client.get_latest_versions(name, None if stage is None else [stage])

2024-04-28 16:51:48,822:INFO:Log Loss: 5.255213515378235, F1 Score: 0.0
2024-04-28 16:51:48,828:INFO:Run ID: a886feec3bf847ec9bccd526cbe1d2bb
2024-04-28 16:51:48,837:WARNING:F:\projeto_kobe_2\venv\lib\site-packages\mlflow\store\artifact\utils\models.py:32: FutureWarning: ``mlflow.tracking.client.MlflowClient.get_latest_versions`` is deprecated since 2.9.0. Model registry stages will be removed in a future major release. To learn more about the deprecation of model registry stages, see our migration guide here: https://mlflow.org/docs/2.11.3/model-registry.html#migrating-from-stages
  latest = client.get_latest_versions(name, None if stage is None else [stage])

2024-04-28 16:51:51,811:WARNING:F:\projeto_kobe_2\venv\lib\site-packages\mlflow\store\artifact\utils\models.py:32: FutureWarning: ``mlflow.tracking.client.MlflowClient.get_latest_versions`` is deprecated since 2.9.0. Model registry stages will be removed in a future major release. To learn more about the deprecation of model registry stages, see our migration guide here: https://mlflow.org/docs/2.11.3/model-registry.html#migrating-from-stages
  latest = client.get_latest_versions(name, None if stage is None else [stage])

2024-04-28 16:51:51,982:INFO:Log Loss: 5.255213515378235, F1 Score: 0.0
2024-04-28 16:51:51,988:INFO:Run ID: 28df0a31173e4aa4bb03baf653951368
2024-04-28 16:51:51,997:WARNING:F:\projeto_kobe_2\venv\lib\site-packages\mlflow\store\artifact\utils\models.py:32: FutureWarning: ``mlflow.tracking.client.MlflowClient.get_latest_versions`` is deprecated since 2.9.0. Model registry stages will be removed in a future major release. To learn more about the deprecation of model registry stages, see our migration guide here: https://mlflow.org/docs/2.11.3/model-registry.html#migrating-from-stages
  latest = client.get_latest_versions(name, None if stage is None else [stage])

2024-04-28 16:57:15,026:INFO:  Stopping...
2024-04-28 17:07:05,637:INFO:Log Loss: 5.255213515378235, F1 Score: 0.0
2024-04-28 17:07:05,637:INFO:Log Loss: 5.255213515378235, F1 Score: 0.0
2024-04-28 17:07:05,638:INFO:
2024-04-28 17:07:05,646:INFO:Run ID: 1bc50e341b064b71ac400ef5b3d02341
2024-04-28 17:07:05,663:INFO:Run ID: b9a59b37b75342f39cd6f434cfa58d84
2024-04-28 17:07:07,135:WARNING:F:\projeto_kobe_2\venv\lib\site-packages\mlflow\store\artifact\utils\models.py:32: FutureWarning: ``mlflow.tracking.client.MlflowClient.get_latest_versions`` is deprecated since 2.9.0. Model registry stages will be removed in a future major release. To learn more about the deprecation of model registry stages, see our migration guide here: https://mlflow.org/docs/2.11.3/model-registry.html#migrating-from-stages
  latest = client.get_latest_versions(name, None if stage is None else [stage])

2024-04-28 17:07:07,309:INFO:Log Loss: 5.255213515378235, F1 Score: 0.0
2024-04-28 17:07:07,316:INFO:Run ID: 1dd5c7560c694d8c9a8b0a1a86772de7
2024-04-28 17:07:07,325:WARNING:F:\projeto_kobe_2\venv\lib\site-packages\mlflow\store\artifact\utils\models.py:32: FutureWarning: ``mlflow.tracking.client.MlflowClient.get_latest_versions`` is deprecated since 2.9.0. Model registry stages will be removed in a future major release. To learn more about the deprecation of model registry stages, see our migration guide here: https://mlflow.org/docs/2.11.3/model-registry.html#migrating-from-stages
  latest = client.get_latest_versions(name, None if stage is None else [stage])

2024-04-28 17:12:44,810:INFO:  Stopping...
2024-04-28 17:12:50,862:INFO:Log Loss: 5.255213515378235, F1 Score: 0.0
2024-04-28 17:12:50,862:INFO:Log Loss: 5.255213515378235, F1 Score: 0.0
2024-04-28 17:12:50,863:INFO:
2024-04-28 17:12:50,871:INFO:Run ID: 77a3d6bbc1b34561ad5a870c63bcada8
2024-04-28 17:12:50,879:INFO:Run ID: 89232ce5d09340d68c3a4dcbaffaa236
2024-04-28 17:12:52,372:WARNING:F:\projeto_kobe_2\venv\lib\site-packages\mlflow\store\artifact\utils\models.py:32: FutureWarning: ``mlflow.tracking.client.MlflowClient.get_latest_versions`` is deprecated since 2.9.0. Model registry stages will be removed in a future major release. To learn more about the deprecation of model registry stages, see our migration guide here: https://mlflow.org/docs/2.11.3/model-registry.html#migrating-from-stages
  latest = client.get_latest_versions(name, None if stage is None else [stage])

2024-04-28 17:12:52,547:INFO:Log Loss: 5.255213515378235, F1 Score: 0.0
2024-04-28 17:12:52,554:INFO:Run ID: 6174d9a7ead642fba24a36799328268a
2024-04-28 17:12:52,564:WARNING:F:\projeto_kobe_2\venv\lib\site-packages\mlflow\store\artifact\utils\models.py:32: FutureWarning: ``mlflow.tracking.client.MlflowClient.get_latest_versions`` is deprecated since 2.9.0. Model registry stages will be removed in a future major release. To learn more about the deprecation of model registry stages, see our migration guide here: https://mlflow.org/docs/2.11.3/model-registry.html#migrating-from-stages
  latest = client.get_latest_versions(name, None if stage is None else [stage])

2024-04-28 17:13:19,042:INFO:  Stopping...
2024-04-28 17:13:41,653:INFO:Log Loss: 5.255213515378235, F1 Score: 0.0
2024-04-28 17:13:41,653:INFO:Log Loss: 5.255213515378235, F1 Score: 0.0
2024-04-28 17:13:41,653:INFO:
2024-04-28 17:13:41,661:INFO:Run ID: 4515a32960bc4f998b7a634ed1e49631
2024-04-28 17:13:41,677:INFO:Run ID: 328ee6c58266407fa77855caf19546fa
2024-04-28 17:13:44,096:WARNING:F:\projeto_kobe_2\venv\lib\site-packages\mlflow\store\artifact\utils\models.py:32: FutureWarning: ``mlflow.tracking.client.MlflowClient.get_latest_versions`` is deprecated since 2.9.0. Model registry stages will be removed in a future major release. To learn more about the deprecation of model registry stages, see our migration guide here: https://mlflow.org/docs/2.11.3/model-registry.html#migrating-from-stages
  latest = client.get_latest_versions(name, None if stage is None else [stage])

2024-04-28 17:13:44,278:INFO:Log Loss: 5.255213515378235, F1 Score: 0.0
2024-04-28 17:13:44,286:INFO:Run ID: c363f77e29054337a477ecf11683d2fd
2024-04-28 17:13:44,300:WARNING:F:\projeto_kobe_2\venv\lib\site-packages\mlflow\store\artifact\utils\models.py:32: FutureWarning: ``mlflow.tracking.client.MlflowClient.get_latest_versions`` is deprecated since 2.9.0. Model registry stages will be removed in a future major release. To learn more about the deprecation of model registry stages, see our migration guide here: https://mlflow.org/docs/2.11.3/model-registry.html#migrating-from-stages
  latest = client.get_latest_versions(name, None if stage is None else [stage])

2024-04-28 17:17:21,977:INFO:  Stopping...
2024-04-28 17:17:48,614:WARNING:F:\projeto_kobe_2\venv\lib\site-packages\mlflow\store\artifact\utils\models.py:32: FutureWarning: ``mlflow.tracking.client.MlflowClient.get_latest_versions`` is deprecated since 2.9.0. Model registry stages will be removed in a future major release. To learn more about the deprecation of model registry stages, see our migration guide here: https://mlflow.org/docs/2.11.3/model-registry.html#migrating-from-stages
  latest = client.get_latest_versions(name, None if stage is None else [stage])

2024-04-28 17:17:48,799:WARNING:F:\projeto_kobe_2\venv\lib\site-packages\mlflow\store\artifact\utils\models.py:32: FutureWarning: ``mlflow.tracking.client.MlflowClient.get_latest_versions`` is deprecated since 2.9.0. Model registry stages will be removed in a future major release. To learn more about the deprecation of model registry stages, see our migration guide here: https://mlflow.org/docs/2.11.3/model-registry.html#migrating-from-stages
  latest = client.get_latest_versions(name, None if stage is None else [stage])

2024-04-28 17:20:05,968:WARNING:F:\projeto_kobe_2\venv\lib\site-packages\mlflow\store\artifact\utils\models.py:32: FutureWarning: ``mlflow.tracking.client.MlflowClient.get_latest_versions`` is deprecated since 2.9.0. Model registry stages will be removed in a future major release. To learn more about the deprecation of model registry stages, see our migration guide here: https://mlflow.org/docs/2.11.3/model-registry.html#migrating-from-stages
  latest = client.get_latest_versions(name, None if stage is None else [stage])

2024-04-28 17:20:06,159:WARNING:F:\projeto_kobe_2\venv\lib\site-packages\mlflow\store\artifact\utils\models.py:32: FutureWarning: ``mlflow.tracking.client.MlflowClient.get_latest_versions`` is deprecated since 2.9.0. Model registry stages will be removed in a future major release. To learn more about the deprecation of model registry stages, see our migration guide here: https://mlflow.org/docs/2.11.3/model-registry.html#migrating-from-stages
  latest = client.get_latest_versions(name, None if stage is None else [stage])

